<?xml version="1.0" encoding="UTF-8" ?>
<testsuite failures="0" time="0.923" errors="1" skipped="0" tests="1" name="org.openmrs.module.ppr.api.PprServiceTest">
  <properties>
    <property name="java.runtime.name" value="Java(TM) SE Runtime Environment"/>
    <property name="sun.boot.library.path" value="C:\Program Files (x86)\Java\jdk1.6.0_10\jre\bin"/>
    <property name="java.vm.version" value="11.0-b15"/>
    <property name="java.vm.vendor" value="Sun Microsystems Inc."/>
    <property name="java.vendor.url" value="http://java.sun.com/"/>
    <property name="path.separator" value=";"/>
    <property name="guice.disable.misplaced.annotation.check" value="true"/>
    <property name="java.vm.name" value="Java HotSpot(TM) Client VM"/>
    <property name="file.encoding.pkg" value="sun.io"/>
    <property name="user.country" value="GB"/>
    <property name="sun.java.launcher" value="SUN_STANDARD"/>
    <property name="sun.os.patch.level" value="Service Pack 1"/>
    <property name="java.vm.specification.name" value="Java Virtual Machine Specification"/>
    <property name="user.dir" value="C:\git-workspace\openmrs-module-ppr"/>
    <property name="java.runtime.version" value="1.6.0_10-rc2-b32"/>
    <property name="java.awt.graphicsenv" value="sun.awt.Win32GraphicsEnvironment"/>
    <property name="java.endorsed.dirs" value="C:\Program Files (x86)\Java\jdk1.6.0_10\jre\lib\endorsed"/>
    <property name="os.arch" value="x86"/>
    <property name="java.io.tmpdir" value="C:\Users\ERIC~1.ERI\AppData\Local\Temp\"/>
    <property name="line.separator" value="
"/>
    <property name="java.vm.specification.vendor" value="Sun Microsystems Inc."/>
    <property name="user.variant" value=""/>
    <property name="os.name" value="Windows Vista"/>
    <property name="classworlds.conf" value="C:\apache-maven-3.1.1\bin\..\bin\m2.conf"/>
    <property name="sun.jnu.encoding" value="Cp1252"/>
    <property name="java.library.path" value="C:\Program Files (x86)\Java\jdk1.6.0_10\bin;.;C:\windows\Sun\Java\bin;C:\windows\system32;C:\windows;C:\Python33\;C:\Program Files\Common Files\Microsoft Shared\Windows Live;C:\Program Files (x86)\Common Files\Microsoft Shared\Windows Live;C:\Program Files (x86)\AMD APP\bin\x86_64;C:\Program Files (x86)\AMD APP\bin\x86;C:\windows\system32;C:\windows;C:\windows\System32\Wbem;C:\windows\System32\WindowsPowerShell\v1.0\;C:\Program Files (x86)\ATI Technologies\ATI.ACE\Core-Static;c:\Program Files (x86)\Common Files\Roxio Shared\DLLShared\;c:\Program Files (x86)\Common Files\Roxio Shared\OEM\DLLShared\;c:\Program Files (x86)\Common Files\Roxio Shared\OEM\DLLShared\;c:\Program Files (x86)\Common Files\Roxio Shared\OEM\12.0\DLLShared\;c:\Program Files (x86)\Roxio\OEM\AudioCore\;C:\Program Files\WIDCOMM\Bluetooth Software\;C:\Program Files\WIDCOMM\Bluetooth Software\syswow64;C:\Program Files (x86)\Windows Live\Shared;C:\apache-maven-3.1.1\bin;C:\Program Files (x86)\MySQL\MySQL Server 5.0\bin;C:\Program Files (x86)\Git\cmd;C:\Program Files (x86)\Git\bin;C:\Program Files (x86)\Java\jdk1.6.0_10\bin"/>
    <property name="java.specification.name" value="Java Platform API Specification"/>
    <property name="java.class.version" value="50.0"/>
    <property name="sun.management.compiler" value="HotSpot Client Compiler"/>
    <property name="os.version" value="6.1"/>
    <property name="user.home" value="C:\Users\Eric.ERIC-PC"/>
    <property name="user.timezone" value="Africa/Harare"/>
    <property name="java.awt.printerjob" value="sun.awt.windows.WPrinterJob"/>
    <property name="file.encoding" value="Cp1252"/>
    <property name="java.specification.version" value="1.6"/>
    <property name="user.name" value="Eric"/>
    <property name="java.class.path" value="C:\apache-maven-3.1.1\bin\..\boot\plexus-classworlds-2.5.1.jar"/>
    <property name="org.slf4j.simpleLogger.defaultLogLevel" value="info"/>
    <property name="java.vm.specification.version" value="1.0"/>
    <property name="sun.arch.data.model" value="32"/>
    <property name="java.home" value="C:\Program Files (x86)\Java\jdk1.6.0_10\jre"/>
    <property name="java.specification.vendor" value="Sun Microsystems Inc."/>
    <property name="user.language" value="en"/>
    <property name="awt.toolkit" value="sun.awt.windows.WToolkit"/>
    <property name="java.vm.info" value="mixed mode, sharing"/>
    <property name="java.version" value="1.6.0_10-rc2"/>
    <property name="java.ext.dirs" value="C:\Program Files (x86)\Java\jdk1.6.0_10\jre\lib\ext;C:\windows\Sun\Java\lib\ext"/>
    <property name="sun.boot.class.path" value="C:\Program Files (x86)\Java\jdk1.6.0_10\jre\lib\resources.jar;C:\Program Files (x86)\Java\jdk1.6.0_10\jre\lib\rt.jar;C:\Program Files (x86)\Java\jdk1.6.0_10\jre\lib\sunrsasign.jar;C:\Program Files (x86)\Java\jdk1.6.0_10\jre\lib\jsse.jar;C:\Program Files (x86)\Java\jdk1.6.0_10\jre\lib\jce.jar;C:\Program Files (x86)\Java\jdk1.6.0_10\jre\lib\charsets.jar;C:\Program Files (x86)\Java\jdk1.6.0_10\jre\classes"/>
    <property name="java.vendor" value="Sun Microsystems Inc."/>
    <property name="maven.home" value="C:\apache-maven-3.1.1\bin\.."/>
    <property name="file.separator" value="\"/>
    <property name="java.vendor.url.bug" value="http://java.sun.com/cgi-bin/bugreport.cgi"/>
    <property name="sun.cpu.endian" value="little"/>
    <property name="sun.io.unicode.encoding" value="UnicodeLittle"/>
    <property name="sun.desktop" value="windows"/>
    <property name="sun.cpu.isalist" value="pentium_pro+mmx pentium_pro pentium+mmx pentium i486 i386 i86"/>
  </properties>
  <testcase time="0.923" classname="org.openmrs.module.ppr.api.PprServiceTest" name="shouldSetupContext">
    <error message="Service not found: interface org.openmrs.module.ppr.service.PprService" type="org.openmrs.api.APIException">org.openmrs.api.APIException: Service not found: interface org.openmrs.module.ppr.service.PprService
	at org.openmrs.api.context.ServiceContext.getService(ServiceContext.java:681)
	at org.openmrs.api.context.Context.getService(Context.java:859)
	at org.openmrs.module.ppr.api.PprServiceTest.shouldSetupContext(PprServiceTest.java:29)
	at sun.reflect.NativeMethodAccessorImpl.invoke0(Native Method)
	at sun.reflect.NativeMethodAccessorImpl.invoke(NativeMethodAccessorImpl.java:39)
	at sun.reflect.DelegatingMethodAccessorImpl.invoke(DelegatingMethodAccessorImpl.java:25)
	at java.lang.reflect.Method.invoke(Method.java:597)
	at org.springframework.test.context.junit4.SpringTestMethod.invoke(SpringTestMethod.java:160)
	at org.springframework.test.context.junit4.SpringMethodRoadie.runTestMethod(SpringMethodRoadie.java:233)
	at org.springframework.test.context.junit4.SpringMethodRoadie$RunBeforesThenTestThenAfters.run(SpringMethodRoadie.java:333)
	at org.springframework.test.context.junit4.SpringMethodRoadie.runWithRepetitions(SpringMethodRoadie.java:217)
	at org.springframework.test.context.junit4.SpringMethodRoadie.runTest(SpringMethodRoadie.java:197)
	at org.springframework.test.context.junit4.SpringMethodRoadie.run(SpringMethodRoadie.java:143)
	at org.springframework.test.context.junit4.SpringJUnit4ClassRunner.invokeTestMethod(SpringJUnit4ClassRunner.java:160)
	at org.junit.internal.runners.JUnit4ClassRunner.runMethods(JUnit4ClassRunner.java:51)
	at org.junit.internal.runners.JUnit4ClassRunner$1.run(JUnit4ClassRunner.java:44)
	at org.junit.internal.runners.ClassRoadie.runUnprotected(ClassRoadie.java:27)
	at org.junit.internal.runners.ClassRoadie.runProtected(ClassRoadie.java:37)
	at org.junit.internal.runners.JUnit4ClassRunner.run(JUnit4ClassRunner.java:42)
	at org.springframework.test.context.junit4.SpringJUnit4ClassRunner.run(SpringJUnit4ClassRunner.java:97)
	at org.apache.maven.surefire.junit4.JUnit4Provider.execute(JUnit4Provider.java:252)
	at org.apache.maven.surefire.junit4.JUnit4Provider.executeTestSet(JUnit4Provider.java:141)
	at org.apache.maven.surefire.junit4.JUnit4Provider.invoke(JUnit4Provider.java:112)
	at sun.reflect.NativeMethodAccessorImpl.invoke0(Native Method)
	at sun.reflect.NativeMethodAccessorImpl.invoke(NativeMethodAccessorImpl.java:39)
	at sun.reflect.DelegatingMethodAccessorImpl.invoke(DelegatingMethodAccessorImpl.java:25)
	at java.lang.reflect.Method.invoke(Method.java:597)
	at org.apache.maven.surefire.util.ReflectionUtils.invokeMethodWithArray(ReflectionUtils.java:189)
	at org.apache.maven.surefire.booter.ProviderFactory$ProviderProxy.invoke(ProviderFactory.java:165)
	at org.apache.maven.surefire.booter.ProviderFactory.invokeProvider(ProviderFactory.java:85)
	at org.apache.maven.surefire.booter.ForkedBooter.runSuitesInProcess(ForkedBooter.java:115)
	at org.apache.maven.surefire.booter.ForkedBooter.main(ForkedBooter.java:75)
</error>
    <system-err>log4j:WARN No appenders could be found for logger (org.springframework.test.context.junit4.SpringJUnit4ClassRunner).
log4j:WARN Please initialize the log4j system properly.
</system-err>
  </testcase>
</testsuite>